{"/home/dev/0_projects/location/test.server.js": {"path":"/home/dev/0_projects/location/test.server.js","statementMap":{"0":{"start":{"line":13,"column":12},"end":{"line":13,"column":21}},"1":{"start":{"line":14,"column":0},"end":{"line":14,"column":27}},"2":{"start":{"line":17,"column":18},"end":{"line":22,"column":1}},"3":{"start":{"line":25,"column":0},"end":{"line":34,"column":7}},"4":{"start":{"line":30,"column":8},"end":{"line":30,"column":44}},"5":{"start":{"line":33,"column":8},"end":{"line":33,"column":61}},"6":{"start":{"line":37,"column":0},"end":{"line":37,"column":61}},"7":{"start":{"line":39,"column":11},"end":{"line":39,"column":15}},"8":{"start":{"line":40,"column":0},"end":{"line":42,"column":3}},"9":{"start":{"line":41,"column":4},"end":{"line":41,"column":41}}},"fnMap":{"0":{"name":"(anonymous_0)","decl":{"start":{"line":29,"column":10},"end":{"line":29,"column":11}},"loc":{"start":{"line":29,"column":16},"end":{"line":31,"column":5}},"line":29},"1":{"name":"(anonymous_1)","decl":{"start":{"line":32,"column":11},"end":{"line":32,"column":12}},"loc":{"start":{"line":32,"column":22},"end":{"line":34,"column":5}},"line":32},"2":{"name":"(anonymous_2)","decl":{"start":{"line":40,"column":17},"end":{"line":40,"column":18}},"loc":{"start":{"line":40,"column":23},"end":{"line":42,"column":1}},"line":40}},"branchMap":{},"s":{"0":1,"1":1,"2":1,"3":1,"4":1,"5":0,"6":1,"7":1,"8":1,"9":1},"f":{"0":1,"1":0,"2":1},"b":{},"_coverageSchema":"1a1c01bbd47fc00a2c39e90264f33305004495a9","hash":"9a2e4745e700053eb6538aa866f7c767cdd9039a"}
,"/home/dev/0_projects/location/models/location-model.js": {"path":"/home/dev/0_projects/location/models/location-model.js","statementMap":{"0":{"start":{"line":3,"column":22},"end":{"line":3,"column":40}},"1":{"start":{"line":5,"column":17},"end":{"line":16,"column":2}},"2":{"start":{"line":18,"column":0},"end":{"line":18,"column":61}},"3":{"start":{"line":20,"column":0},"end":{"line":23,"column":3}},"4":{"start":{"line":21,"column":4},"end":{"line":21,"column":33}},"5":{"start":{"line":22,"column":4},"end":{"line":22,"column":11}},"6":{"start":{"line":26,"column":22},"end":{"line":26,"column":59}}},"fnMap":{"0":{"name":"(anonymous_0)","decl":{"start":{"line":20,"column":21},"end":{"line":20,"column":22}},"loc":{"start":{"line":20,"column":31},"end":{"line":23,"column":1}},"line":20}},"branchMap":{},"s":{"0":1,"1":1,"2":1,"3":1,"4":0,"5":0,"6":1},"f":{"0":0},"b":{},"_coverageSchema":"1a1c01bbd47fc00a2c39e90264f33305004495a9","hash":"fee5517d32aaf8bbcbc7f74ca42edbabb3db61aa"}
,"/home/dev/0_projects/location/routes/location-router.js": {"path":"/home/dev/0_projects/location/routes/location-router.js","statementMap":{"0":{"start":{"line":9,"column":22},"end":{"line":9,"column":30}},"1":{"start":{"line":33,"column":0},"end":{"line":33,"column":44}},"2":{"start":{"line":33,"column":33},"end":{"line":33,"column":40}},"3":{"start":{"line":38,"column":0},"end":{"line":40,"column":3}},"4":{"start":{"line":39,"column":3},"end":{"line":39,"column":38}},"5":{"start":{"line":43,"column":0},"end":{"line":45,"column":3}},"6":{"start":{"line":44,"column":3},"end":{"line":44,"column":41}},"7":{"start":{"line":48,"column":0},"end":{"line":50,"column":3}},"8":{"start":{"line":49,"column":3},"end":{"line":49,"column":43}},"9":{"start":{"line":53,"column":0},"end":{"line":68,"column":3}},"10":{"start":{"line":59,"column":18},"end":{"line":59,"column":39}},"11":{"start":{"line":60,"column":3},"end":{"line":66,"column":4}},"12":{"start":{"line":61,"column":6},"end":{"line":65,"column":21}},"13":{"start":{"line":67,"column":3},"end":{"line":67,"column":45}},"14":{"start":{"line":71,"column":0},"end":{"line":85,"column":3}},"15":{"start":{"line":76,"column":18},"end":{"line":76,"column":39}},"16":{"start":{"line":77,"column":3},"end":{"line":83,"column":4}},"17":{"start":{"line":78,"column":6},"end":{"line":82,"column":21}},"18":{"start":{"line":84,"column":3},"end":{"line":84,"column":54}},"19":{"start":{"line":88,"column":0},"end":{"line":90,"column":3}},"20":{"start":{"line":89,"column":3},"end":{"line":89,"column":38}}},"fnMap":{"0":{"name":"(anonymous_0)","decl":{"start":{"line":33,"column":11},"end":{"line":33,"column":12}},"loc":{"start":{"line":33,"column":31},"end":{"line":33,"column":42}},"line":33},"1":{"name":"(anonymous_1)","decl":{"start":{"line":38,"column":45},"end":{"line":38,"column":46}},"loc":{"start":{"line":38,"column":65},"end":{"line":40,"column":1}},"line":38},"2":{"name":"(anonymous_2)","decl":{"start":{"line":43,"column":17},"end":{"line":43,"column":18}},"loc":{"start":{"line":43,"column":37},"end":{"line":45,"column":1}},"line":43},"3":{"name":"(anonymous_3)","decl":{"start":{"line":48,"column":28},"end":{"line":48,"column":29}},"loc":{"start":{"line":48,"column":48},"end":{"line":50,"column":1}},"line":48},"4":{"name":"(anonymous_4)","decl":{"start":{"line":58,"column":4},"end":{"line":58,"column":5}},"loc":{"start":{"line":58,"column":24},"end":{"line":68,"column":1}},"line":58},"5":{"name":"(anonymous_5)","decl":{"start":{"line":74,"column":4},"end":{"line":74,"column":5}},"loc":{"start":{"line":74,"column":24},"end":{"line":85,"column":1}},"line":74},"6":{"name":"(anonymous_6)","decl":{"start":{"line":88,"column":31},"end":{"line":88,"column":32}},"loc":{"start":{"line":88,"column":51},"end":{"line":90,"column":1}},"line":88}},"branchMap":{"0":{"loc":{"start":{"line":60,"column":3},"end":{"line":66,"column":4}},"type":"if","locations":[{"start":{"line":60,"column":3},"end":{"line":66,"column":4}},{"start":{},"end":{}}],"line":60},"1":{"loc":{"start":{"line":77,"column":3},"end":{"line":83,"column":4}},"type":"if","locations":[{"start":{"line":77,"column":3},"end":{"line":83,"column":4}},{"start":{},"end":{}}],"line":77}},"s":{"0":1,"1":1,"2":2,"3":1,"4":1,"5":1,"6":0,"7":1,"8":1,"9":1,"10":0,"11":0,"12":0,"13":0,"14":1,"15":0,"16":0,"17":0,"18":0,"19":1,"20":0},"f":{"0":2,"1":1,"2":0,"3":1,"4":0,"5":0,"6":0},"b":{"0":[0,0],"1":[0,0]},"_coverageSchema":"1a1c01bbd47fc00a2c39e90264f33305004495a9","hash":"0379b3e68ac2ad98ab0310c51cd01087bce97517"}
,"/home/dev/0_projects/location/service/location-service.js": {"path":"/home/dev/0_projects/location/service/location-service.js","statementMap":{"0":{"start":{"line":5,"column":18},"end":{"line":5,"column":82}},"1":{"start":{"line":6,"column":17},"end":{"line":6,"column":19}},"2":{"start":{"line":7,"column":4},"end":{"line":9,"column":5}},"3":{"start":{"line":7,"column":17},"end":{"line":7,"column":18}},"4":{"start":{"line":8,"column":8},"end":{"line":8,"column":73}},"5":{"start":{"line":10,"column":4},"end":{"line":10,"column":18}},"6":{"start":{"line":13,"column":28},"end":{"line":13,"column":30}},"7":{"start":{"line":14,"column":4},"end":{"line":16,"column":5}},"8":{"start":{"line":15,"column":8},"end":{"line":15,"column":56}},"9":{"start":{"line":17,"column":4},"end":{"line":17,"column":29}},"10":{"start":{"line":21,"column":34},"end":{"line":46,"column":1}},"11":{"start":{"line":22,"column":4},"end":{"line":45,"column":5}},"12":{"start":{"line":23,"column":37},"end":{"line":29,"column":10}},"13":{"start":{"line":31,"column":26},"end":{"line":31,"column":68}},"14":{"start":{"line":33,"column":8},"end":{"line":39,"column":23}},"15":{"start":{"line":43,"column":8},"end":{"line":43,"column":86}},"16":{"start":{"line":44,"column":8},"end":{"line":44,"column":103}},"17":{"start":{"line":49,"column":37},"end":{"line":61,"column":1}},"18":{"start":{"line":50,"column":3},"end":{"line":60,"column":4}},"19":{"start":{"line":51,"column":20},"end":{"line":54,"column":18}},"20":{"start":{"line":55,"column":7},"end":{"line":55,"column":72}},"21":{"start":{"line":58,"column":7},"end":{"line":58,"column":78}},"22":{"start":{"line":59,"column":7},"end":{"line":59,"column":92}},"23":{"start":{"line":64,"column":39},"end":{"line":75,"column":1}},"24":{"start":{"line":65,"column":2},"end":{"line":74,"column":3}},"25":{"start":{"line":66,"column":21},"end":{"line":66,"column":103}},"26":{"start":{"line":67,"column":6},"end":{"line":69,"column":21}},"27":{"start":{"line":72,"column":6},"end":{"line":72,"column":77}},"28":{"start":{"line":73,"column":6},"end":{"line":73,"column":90}},"29":{"start":{"line":78,"column":41},"end":{"line":95,"column":1}},"30":{"start":{"line":79,"column":3},"end":{"line":94,"column":4}},"31":{"start":{"line":80,"column":21},"end":{"line":84,"column":34}},"32":{"start":{"line":85,"column":20},"end":{"line":85,"column":22}},"33":{"start":{"line":86,"column":7},"end":{"line":88,"column":8}},"34":{"start":{"line":87,"column":12},"end":{"line":87,"column":88}},"35":{"start":{"line":89,"column":7},"end":{"line":89,"column":61}},"36":{"start":{"line":92,"column":7},"end":{"line":92,"column":88}},"37":{"start":{"line":93,"column":7},"end":{"line":93,"column":98}},"38":{"start":{"line":98,"column":50},"end":{"line":117,"column":1}},"39":{"start":{"line":99,"column":4},"end":{"line":116,"column":5}},"40":{"start":{"line":100,"column":21},"end":{"line":106,"column":10}},"41":{"start":{"line":107,"column":20},"end":{"line":107,"column":22}},"42":{"start":{"line":108,"column":8},"end":{"line":110,"column":9}},"43":{"start":{"line":109,"column":12},"end":{"line":109,"column":77}},"44":{"start":{"line":112,"column":8},"end":{"line":112,"column":97}},"45":{"start":{"line":114,"column":8},"end":{"line":114,"column":110}},"46":{"start":{"line":115,"column":8},"end":{"line":115,"column":111}},"47":{"start":{"line":120,"column":34},"end":{"line":132,"column":1}},"48":{"start":{"line":121,"column":4},"end":{"line":131,"column":5}},"49":{"start":{"line":122,"column":21},"end":{"line":123,"column":21}},"50":{"start":{"line":124,"column":8},"end":{"line":127,"column":23}},"51":{"start":{"line":129,"column":8},"end":{"line":129,"column":82}},"52":{"start":{"line":130,"column":8},"end":{"line":130,"column":99}}},"fnMap":{"0":{"name":"createRandomString","decl":{"start":{"line":4,"column":9},"end":{"line":4,"column":27}},"loc":{"start":{"line":4,"column":36},"end":{"line":11,"column":1}},"line":4},"1":{"name":"hasCategoryParam","decl":{"start":{"line":12,"column":9},"end":{"line":12,"column":25}},"loc":{"start":{"line":12,"column":31},"end":{"line":18,"column":1}},"line":12},"2":{"name":"(anonymous_2)","decl":{"start":{"line":21,"column":34},"end":{"line":21,"column":35}},"loc":{"start":{"line":21,"column":54},"end":{"line":46,"column":1}},"line":21},"3":{"name":"(anonymous_3)","decl":{"start":{"line":49,"column":37},"end":{"line":49,"column":38}},"loc":{"start":{"line":49,"column":57},"end":{"line":61,"column":1}},"line":49},"4":{"name":"(anonymous_4)","decl":{"start":{"line":64,"column":39},"end":{"line":64,"column":40}},"loc":{"start":{"line":64,"column":59},"end":{"line":75,"column":1}},"line":64},"5":{"name":"(anonymous_5)","decl":{"start":{"line":78,"column":41},"end":{"line":78,"column":42}},"loc":{"start":{"line":78,"column":61},"end":{"line":95,"column":1}},"line":78},"6":{"name":"(anonymous_6)","decl":{"start":{"line":98,"column":50},"end":{"line":98,"column":51}},"loc":{"start":{"line":98,"column":70},"end":{"line":117,"column":1}},"line":98},"7":{"name":"(anonymous_7)","decl":{"start":{"line":120,"column":34},"end":{"line":120,"column":35}},"loc":{"start":{"line":120,"column":54},"end":{"line":132,"column":1}},"line":120}},"branchMap":{"0":{"loc":{"start":{"line":14,"column":4},"end":{"line":16,"column":5}},"type":"if","locations":[{"start":{"line":14,"column":4},"end":{"line":16,"column":5}},{"start":{},"end":{}}],"line":14},"1":{"loc":{"start":{"line":55,"column":30},"end":{"line":55,"column":56}},"type":"binary-expr","locations":[{"start":{"line":55,"column":30},"end":{"line":55,"column":48}},{"start":{"line":55,"column":52},"end":{"line":55,"column":56}}],"line":55},"2":{"loc":{"start":{"line":86,"column":7},"end":{"line":88,"column":8}},"type":"if","locations":[{"start":{"line":86,"column":7},"end":{"line":88,"column":8}},{"start":{},"end":{}}],"line":86},"3":{"loc":{"start":{"line":108,"column":8},"end":{"line":110,"column":9}},"type":"if","locations":[{"start":{"line":108,"column":8},"end":{"line":110,"column":9}},{"start":{},"end":{}}],"line":108}},"s":{"0":0,"1":0,"2":0,"3":0,"4":0,"5":0,"6":1,"7":1,"8":0,"9":1,"10":1,"11":1,"12":1,"13":1,"14":1,"15":0,"16":0,"17":1,"18":0,"19":0,"20":0,"21":0,"22":0,"23":1,"24":1,"25":1,"26":1,"27":0,"28":0,"29":1,"30":0,"31":0,"32":0,"33":0,"34":0,"35":0,"36":0,"37":0,"38":1,"39":0,"40":0,"41":0,"42":0,"43":0,"44":0,"45":0,"46":0,"47":1,"48":0,"49":0,"50":0,"51":0,"52":0},"f":{"0":0,"1":1,"2":1,"3":0,"4":1,"5":0,"6":0,"7":0},"b":{"0":[0,1],"1":[0,0],"2":[0,0],"3":[0,0]},"_coverageSchema":"1a1c01bbd47fc00a2c39e90264f33305004495a9","hash":"a0db323daf7990472ba1b1669882e35bc6fd3a4b"}
}
