TN:
SF:test.server.js
FN:29,(anonymous_0)
FN:32,(anonymous_1)
FN:40,(anonymous_2)
FNF:3
FNH:2
FNDA:1,(anonymous_0)
FNDA:0,(anonymous_1)
FNDA:1,(anonymous_2)
DA:13,1
DA:14,1
DA:17,1
DA:25,1
DA:30,1
DA:33,0
DA:37,1
DA:39,1
DA:40,1
DA:41,1
LF:10
LH:9
BRF:0
BRH:0
end_of_record
TN:
SF:models/location-model.js
FN:20,(anonymous_0)
FNF:1
FNH:0
FNDA:0,(anonymous_0)
DA:3,1
DA:5,1
DA:18,1
DA:20,1
DA:21,0
DA:22,0
DA:26,1
LF:7
LH:5
BRF:0
BRH:0
end_of_record
TN:
SF:routes/location-router.js
FN:33,(anonymous_0)
FN:38,(anonymous_1)
FN:43,(anonymous_2)
FN:48,(anonymous_3)
FN:58,(anonymous_4)
FN:74,(anonymous_5)
FN:88,(anonymous_6)
FNF:7
FNH:3
FNDA:2,(anonymous_0)
FNDA:1,(anonymous_1)
FNDA:0,(anonymous_2)
FNDA:1,(anonymous_3)
FNDA:0,(anonymous_4)
FNDA:0,(anonymous_5)
FNDA:0,(anonymous_6)
DA:9,1
DA:33,2
DA:38,1
DA:39,1
DA:43,1
DA:44,0
DA:48,1
DA:49,1
DA:53,1
DA:59,0
DA:60,0
DA:61,0
DA:67,0
DA:71,1
DA:76,0
DA:77,0
DA:78,0
DA:84,0
DA:88,1
DA:89,0
LF:20
LH:10
BRDA:60,0,0,0
BRDA:60,0,1,0
BRDA:77,1,0,0
BRDA:77,1,1,0
BRF:4
BRH:0
end_of_record
TN:
SF:service/location-service.js
FN:4,createRandomString
FN:12,hasCategoryParam
FN:21,(anonymous_2)
FN:49,(anonymous_3)
FN:64,(anonymous_4)
FN:78,(anonymous_5)
FN:98,(anonymous_6)
FN:120,(anonymous_7)
FNF:8
FNH:3
FNDA:0,createRandomString
FNDA:1,hasCategoryParam
FNDA:1,(anonymous_2)
FNDA:0,(anonymous_3)
FNDA:1,(anonymous_4)
FNDA:0,(anonymous_5)
FNDA:0,(anonymous_6)
FNDA:0,(anonymous_7)
DA:5,0
DA:6,0
DA:7,0
DA:8,0
DA:10,0
DA:13,1
DA:14,1
DA:15,0
DA:17,1
DA:21,1
DA:22,1
DA:23,1
DA:31,1
DA:33,1
DA:43,0
DA:44,0
DA:49,1
DA:50,0
DA:51,0
DA:55,0
DA:58,0
DA:59,0
DA:64,1
DA:65,1
DA:66,1
DA:67,1
DA:72,0
DA:73,0
DA:78,1
DA:79,0
DA:80,0
DA:85,0
DA:86,0
DA:87,0
DA:89,0
DA:92,0
DA:93,0
DA:98,1
DA:99,0
DA:100,0
DA:107,0
DA:108,0
DA:109,0
DA:112,0
DA:114,0
DA:115,0
DA:120,1
DA:121,0
DA:122,0
DA:124,0
DA:129,0
DA:130,0
LF:52
LH:16
BRDA:14,0,0,0
BRDA:14,0,1,1
BRDA:55,1,0,0
BRDA:55,1,1,0
BRDA:86,2,0,0
BRDA:86,2,1,0
BRDA:108,3,0,0
BRDA:108,3,1,0
BRF:8
BRH:1
end_of_record
